<?xml version="1.0" encoding="UTF-8"?>
<!-- Generated by org.testng.reporters.JUnitReportReporter -->
<testsuite hostname="LAPTOP-ETH1QVF1" failures="0" tests="1" name="testCases.TC_002_LoginTest" time="3.200" errors="0" timestamp="2023-12-20T13:58:03 IST" skipped="0">
  <testcase classname="testCases.TC_002_LoginTest" name="test_Login" time="3.200"/>
  <system-out/>
</testsuite> <!-- testCases.TC_002_LoginTest -->
