<?xml version="1.0" encoding="UTF-8"?>
<!-- Generated by org.testng.reporters.JUnitReportReporter -->
<testsuite hostname="LAPTOP-ETH1QVF1" failures="0" tests="1" name="testCases.TC_001_AccountRegistrationTest" time="9.695" errors="0" timestamp="2023-12-27T18:50:26 IST" skipped="0">
  <testcase classname="testCases.TC_001_AccountRegistrationTest" name="test_account_Registration" time="9.695"/>
  <system-out/>
</testsuite> <!-- testCases.TC_001_AccountRegistrationTest -->
